<?xml version="1.0" encoding="UTF-8"?>
<!-- Generated by org.testng.reporters.JUnitXMLReporter -->
<testsuite ignored="0" hostname="LAPTOP-T25EG9UR" failures="0" tests="11" name="LoginPageTest" time="9.688" errors="0" timestamp="2023-12-22T18:35:06 IST">
  <testcase classname="TestLayer.LoginPageTest" name="validateLoginFunctionality" time="0.572"/>
  <testcase classname="TestLayer.HomePageTest" name="validateHomePageTitle" time="0.027"/>
  <testcase classname="TestLayer.HomePageTest" name="validateHomePageUrl" time="0.014"/>
  <testcase classname="TestLayer.HomePageTest" name="validateAddProductToCart" time="0.218"/>
  <testcase classname="TestLayer.YourCartPageTest" name="validateYourCartPageTitle" time="0.01"/>
  <testcase classname="TestLayer.YourCartPageTest" name="validateYourCartPageUrl" time="0.01"/>
  <testcase classname="TestLayer.YourCartPageTest" name="validateClickOnCheckoutPage" time="0.065"/>
  <testcase classname="TestLayer.YourInfoPageTest" name="validateYourInfoPagetitle" time="0.018"/>
  <testcase classname="TestLayer.YourInfoPageTest" name="ValidateYourInfoPageFunctionality" time="0.476"/>
  <testcase classname="TestLayer.OverViewPageTest" name="validategetOverviewPageUrl" time="0.011"/>
  <testcase classname="TestLayer.OverViewPageTest" name="validateOverViewPageFunctionality" time="0.064"/>
</testsuite> <!-- LoginPageTest -->
