<?xml version="1.0" encoding="UTF-8"?>
<testng-results ignored="0" total="11" passed="11" failed="0" skipped="0">
  <reporter-output>
  </reporter-output>
  <suite started-at="2023-12-22T18:34:57 IST" name="Suite" finished-at="2023-12-22T18:35:06 IST" duration-ms="9688">
    <groups>
    </groups>
    <test started-at="2023-12-22T18:34:57 IST" name="LoginPageTest" finished-at="2023-12-22T18:35:06 IST" duration-ms="9688">
      <class name="TestLayer.YourCartPageTest">
        <test-method signature="validateYourCartPageTitle()[pri:5, instance:TestLayer.YourCartPageTest@1ed6388a]" started-at="2023-12-22T18:35:00 IST" name="validateYourCartPageTitle" finished-at="2023-12-22T18:35:00 IST" duration-ms="10" status="PASS">
          <reporter-output>
          </reporter-output>
        </test-method> <!-- validateYourCartPageTitle -->
        <test-method signature="validateYourCartPageUrl()[pri:6, instance:TestLayer.YourCartPageTest@1ed6388a]" started-at="2023-12-22T18:35:00 IST" name="validateYourCartPageUrl" finished-at="2023-12-22T18:35:00 IST" duration-ms="10" status="PASS">
          <reporter-output>
          </reporter-output>
        </test-method> <!-- validateYourCartPageUrl -->
        <test-method signature="validateClickOnCheckoutPage()[pri:7, instance:TestLayer.YourCartPageTest@1ed6388a]" started-at="2023-12-22T18:35:00 IST" name="validateClickOnCheckoutPage" finished-at="2023-12-22T18:35:00 IST" duration-ms="65" status="PASS">
          <reporter-output>
          </reporter-output>
        </test-method> <!-- validateClickOnCheckoutPage -->
      </class> <!-- TestLayer.YourCartPageTest -->
      <class name="TestLayer.HomePageTest">
        <test-method signature="validateHomePageTitle()[pri:2, instance:TestLayer.HomePageTest@942a29c]" started-at="2023-12-22T18:35:00 IST" name="validateHomePageTitle" finished-at="2023-12-22T18:35:00 IST" duration-ms="27" status="PASS">
          <reporter-output>
          </reporter-output>
        </test-method> <!-- validateHomePageTitle -->
        <test-method signature="validateHomePageUrl()[pri:3, instance:TestLayer.HomePageTest@942a29c]" started-at="2023-12-22T18:35:00 IST" name="validateHomePageUrl" finished-at="2023-12-22T18:35:00 IST" duration-ms="14" status="PASS">
          <reporter-output>
          </reporter-output>
        </test-method> <!-- validateHomePageUrl -->
        <test-method signature="validateAddProductToCart()[pri:4, instance:TestLayer.HomePageTest@942a29c]" started-at="2023-12-22T18:35:00 IST" name="validateAddProductToCart" finished-at="2023-12-22T18:35:00 IST" duration-ms="218" status="PASS">
          <reporter-output>
          </reporter-output>
        </test-method> <!-- validateAddProductToCart -->
      </class> <!-- TestLayer.HomePageTest -->
      <class name="TestLayer.YourInfoPageTest">
        <test-method signature="validateYourInfoPagetitle()[pri:8, instance:TestLayer.YourInfoPageTest@4f80542f]" started-at="2023-12-22T18:35:00 IST" name="validateYourInfoPagetitle" finished-at="2023-12-22T18:35:01 IST" duration-ms="18" status="PASS">
          <reporter-output>
          </reporter-output>
        </test-method> <!-- validateYourInfoPagetitle -->
        <test-method signature="ValidateYourInfoPageFunctionality()[pri:9, instance:TestLayer.YourInfoPageTest@4f80542f]" started-at="2023-12-22T18:35:01 IST" name="ValidateYourInfoPageFunctionality" finished-at="2023-12-22T18:35:01 IST" duration-ms="476" status="PASS">
          <reporter-output>
          </reporter-output>
        </test-method> <!-- ValidateYourInfoPageFunctionality -->
      </class> <!-- TestLayer.YourInfoPageTest -->
      <class name="TestLayer.OverViewPageTest">
        <test-method signature="validategetOverviewPageUrl()[pri:10, instance:TestLayer.OverViewPageTest@60bd273d]" started-at="2023-12-22T18:35:01 IST" name="validategetOverviewPageUrl" finished-at="2023-12-22T18:35:01 IST" duration-ms="11" status="PASS">
          <reporter-output>
          </reporter-output>
        </test-method> <!-- validategetOverviewPageUrl -->
        <test-method signature="validateOverViewPageFunctionality()[pri:11, instance:TestLayer.OverViewPageTest@60bd273d]" started-at="2023-12-22T18:35:01 IST" name="validateOverViewPageFunctionality" finished-at="2023-12-22T18:35:01 IST" duration-ms="64" status="PASS">
          <reporter-output>
          </reporter-output>
        </test-method> <!-- validateOverViewPageFunctionality -->
      </class> <!-- TestLayer.OverViewPageTest -->
      <class name="TestLayer.LoginPageTest">
        <test-method is-config="true" signature="setUp()[pri:0, instance:TestLayer.LoginPageTest@7db12bb6]" started-at="2023-12-22T18:34:57 IST" name="setUp" finished-at="2023-12-22T18:34:59 IST" duration-ms="2856" status="PASS">
          <reporter-output>
          </reporter-output>
        </test-method> <!-- setUp -->
        <test-method signature="validateLoginFunctionality()[pri:0, instance:TestLayer.LoginPageTest@7db12bb6]" started-at="2023-12-22T18:35:00 IST" name="validateLoginFunctionality" finished-at="2023-12-22T18:35:00 IST" duration-ms="572" status="PASS">
          <reporter-output>
          </reporter-output>
        </test-method> <!-- validateLoginFunctionality -->
        <test-method is-config="true" signature="tearDown()[pri:0, instance:TestLayer.LoginPageTest@7db12bb6]" started-at="2023-12-22T18:35:01 IST" name="tearDown" finished-at="2023-12-22T18:35:06 IST" duration-ms="5253" status="PASS">
          <reporter-output>
          </reporter-output>
        </test-method> <!-- tearDown -->
      </class> <!-- TestLayer.LoginPageTest -->
    </test> <!-- LoginPageTest -->
  </suite> <!-- Suite -->
</testng-results>
